hp-check[121347]: info: :
hp-check[121347]: info: :[01mHP Linux Imaging and Printing System (ver. 3.24.4)[0m
hp-check[121347]: info: :[01mDependency/Version Check Utility ver. 15.1[0m
hp-check[121347]: info: :
hp-check[121347]: info: :Copyright (c) 2001-18 HP Development Company, LP
hp-check[121347]: info: :This software comes with ABSOLUTELY NO WARRANTY.
hp-check[121347]: info: :This is free software, and you are welcome to distribute it
hp-check[121347]: info: :under certain conditions. See COPYING file for more details.
hp-check[121347]: info: :
hp-check[121347]: info: :[01mNote: hp-check can be run in three modes:[0m
hp-check[121347]: info: :1. Compile-time check mode (-c or --compile): Use this mode before compiling the HPLIP supplied tarball (.tar.gz or .run) to determine if the proper dependencies are    
hp-check[121347]: info: :installed to successfully compile HPLIP.                                                                                                                                 
hp-check[121347]: info: :2. Run-time check mode (-r or --run): Use this mode to determine if a distro supplied package (.deb, .rpm, etc) or an already built HPLIP supplied tarball has the proper
hp-check[121347]: info: :dependencies installed to successfully run.                                                                                                                              
hp-check[121347]: info: :3. Both compile- and run-time check mode (-b or --both) (Default): This mode will check both of the above cases (both compile- and run-time dependencies).               
hp-check[121347]: info: :
hp-check[121347]: info: :Check types:                                                                                                                                                             
hp-check[121347]: info: :a. EXTERNALDEP - External Dependencies                                                                                                                                   
hp-check[121347]: info: :b. GENERALDEP - General Dependencies (required both at compile and run time)                                                                                             
hp-check[121347]: info: :c. COMPILEDEP - Compile time Dependencies                                                                                                                                
hp-check[121347]: info: :d. [All are run-time checks]                                                                                                                                             
hp-check[121347]: info: :PYEXT SCANCONF QUEUES PERMISSION                                                                                                                                         
hp-check[121347]: info: :
hp-check[121347]: info: :Status Types:
hp-check[121347]: info: :    OK
hp-check[121347]: info: :    MISSING       - Missing Dependency or Permission or Plug-in
hp-check[121347]: info: :    INCOMPAT      - Incompatible dependency-version or Plugin-version
hp-check[121347]: info: :
warning: [01m0-25.05 version is not supported. Using 0-0 versions dependencies to verify and install...[0m
hp-check[121347]: info: :
hp-check[121347]: info: :---------------
hp-check[121347]: info: :| SYSTEM INFO |
hp-check[121347]: info: :---------------
hp-check[121347]: info: :
hp-check[121347]: info: : Kernel: 6.13.5 #1-NixOS SMP PREEMPT_DYNAMIC Thu Feb 27 12:34:22 UTC 2025 GNU/Linux
 Host: josevictor-nixos
 Proc: 6.13.5 #1-NixOS SMP PREEMPT_DYNAMIC Thu Feb 27 12:34:22 UTC 2025 GNU/Linux
 Distribution: 0 25.05
hp-check[121347]: info: : Bitness: 64 bit

hp-check[121347]: info: :
hp-check[121347]: info: :-----------------------
hp-check[121347]: info: :| HPLIP CONFIGURATION |
hp-check[121347]: info: :-----------------------
hp-check[121347]: info: :
hp-check[121347]: info: :HPLIP-Version: HPLIP 3.24.4
hp-check[121347]: info: :HPLIP-Home: /nix/store/mwznbb4n84izvkliaippz0w4h96zz5a5-hplip-3.24.4/share/hplip
warning: HPLIP-Installation: Auto installation is not supported for 0 distro  25.05 version 
hp-check[121347]: info: :
hp-check[121347]: info: :[01mCurrent contents of '/nix/store/mwznbb4n84izvkliaippz0w4h96zz5a5-hplip-3.24.4/etc/hp/hplip.conf' file:[0m
hp-check[121347]: info: :# hplip.conf.  Generated from hplip.conf.in by configure.

[hplip]
version=3.24.4

[dirs]
home=/nix/store/mwznbb4n84izvkliaippz0w4h96zz5a5-hplip-3.24.4/share/hplip
run=/var/run
ppd=/nix/store/mwznbb4n84izvkliaippz0w4h96zz5a5-hplip-3.24.4/share/cups/model/HP
ppdbase=/nix/store/mwznbb4n84izvkliaippz0w4h96zz5a5-hplip-3.24.4/share/cups/model
doc=/nix/store/mwznbb4n84izvkliaippz0w4h96zz5a5-hplip-3.24.4/share/doc/hplip-3.24.4
html=/nix/store/mwznbb4n84izvkliaippz0w4h96zz5a5-hplip-3.24.4/share/doc/hplip-3.24.4
icon=/nix/store/mwznbb4n84izvkliaippz0w4h96zz5a5-hplip-3.24.4/share/applications
cupsbackend=/nix/store/mwznbb4n84izvkliaippz0w4h96zz5a5-hplip-3.24.4/lib/cups/backend
cupsfilter=/nix/store/mwznbb4n84izvkliaippz0w4h96zz5a5-hplip-3.24.4/lib/cups/filter
drv=/nix/store/mwznbb4n84izvkliaippz0w4h96zz5a5-hplip-3.24.4/share/cups/drv/hp
bin=/nix/store/mwznbb4n84izvkliaippz0w4h96zz5a5-hplip-3.24.4/bin
apparmor=/etc/apparmor.d
# Following values are determined at configure time and cannot be changed.
[configure]
network-build=yes
libusb01-build=no
pp-build=no
gui-build=yes
scanner-build=yes
fax-build=yes
dbus-build=yes
cups11-build=no
doc-build=yes
shadow-build=no
hpijs-install=no
foomatic-drv-install=no
foomatic-ppd-install=no
foomatic-rip-hplip-install=no
hpcups-install=yes
cups-drv-install=yes
cups-ppd-install=no
internal-tag=3.24.4
restricted-build=no
ui-toolkit=qt5
qt3=no
qt4=no
qt5=yes
policy-kit=yes
lite-build=no
udev_sysfs_rules=no
hpcups-only-build=no
hpijs-only-build=no
apparmor_build=no
class-driver=no

hp-check[121347]: info: :
hp-check[121347]: info: :[01mCurrent contents of '/nix/store/mwznbb4n84izvkliaippz0w4h96zz5a5-hplip-3.24.4/var/lib/hp/hplip.state' file:[0m
hp-check[121347]: info: :Plugins are not installed. Could not access file: No such file or directory
hp-check[121347]: info: :
hp-check[121347]: info: :[01mCurrent contents of '~/.hplip/hplip.conf' file:[0m
hp-check[121347]: info: :[installation]
date_time = 03/23/25 17:11:49
version = 3.24.4


hp-check[121347]: info: : <Package-name>        <Package-Desc>      <Required/Optional> <Min-Version> <Installed-Version> <Status>   <Comment>
hp-check[121347]: info: :
hp-check[121347]: info: :-------------------------
hp-check[121347]: info: :| External Dependencies |
hp-check[121347]: info: :-------------------------
hp-check[121347]: info: :
hp-check[121347]: info: :[31;01m error: cups          CUPS - Common Unix Printing System                           REQUIRED        1.1             -               INCOMPAT   'CUPS may not be installed or not running'[0m
hp-check[121347]: info: :[31;01m error: gs            GhostScript - PostScript and PDF language interpreter and previewer REQUIRED        7.05            -               MISSING    'gs needs to be installed'[0m
hp-check[121347]: info: :[31;01m error: xsane         xsane - Graphical scanner frontend for SANE                  OPTIONAL        0.9             -               MISSING    'xsane needs to be installed'[0m
hp-check[121347]: info: :[31;01m error: scanimage     scanimage - Shell scanning program                           OPTIONAL        1.0             -               MISSING    'scanimage needs to be installed'[0m
hp-check[121347]: info: :[31;01m error: dbus          DBus - Message bus system                                    REQUIRED        -               1.14.10         MISSING    'DBUS may not be installed or not running'[0m
hp-check[121347]: info: :[31;01m error: policykit     PolicyKit - Administrative policy framework                  OPTIONAL        -               124             MISSING    'policykit needs to be installed'[0m
hp-check[121347]: info: : network              network -wget                                                OPTIONAL        -               1.25.0          OK         -
hp-check[121347]: info: : avahi-utils          avahi-utils                                                  OPTIONAL        -               0.8             OK         -
hp-check[121347]: info: :
hp-check[121347]: info: :------------------------
hp-check[121347]: info: :| General Dependencies |
hp-check[121347]: info: :------------------------
hp-check[121347]: info: :
hp-check[121347]: info: :[31;01m error: libjpeg       libjpeg - JPEG library                                       REQUIRED        -               -               MISSING    'libjpeg needs to be installed'[0m
hp-check[121347]: info: :[31;01m error: cups-devel    CUPS devel- Common Unix Printing System development files    REQUIRED        -               -               MISSING    'cups-devel needs to be installed'[0m
hp-check[121347]: info: :[31;01m error: cups-image    CUPS image - CUPS image development files                    REQUIRED        -               -               MISSING    'cups-image needs to be installed'[0m
hp-check[121347]: info: :[31;01m error: libpthread    libpthread - POSIX threads library                           REQUIRED        -               b'2.40'         MISSING    'libpthread needs to be installed'[0m
hp-check[121347]: info: :[31;01m error: libusb        libusb - USB library                                         REQUIRED        -               1.0             MISSING    'libusb needs to be installed'[0m
hp-check[121347]: info: :[31;01m error: sane          SANE - Scanning library                                      REQUIRED        -               -               MISSING    'sane needs to be installed'[0m
hp-check[121347]: info: :[31;01m error: sane-devel    SANE - Scanning library development files                    REQUIRED        -               -               MISSING    'sane-devel needs to be installed'[0m
hp-check[121347]: info: :[31;01m error: libavahi-dev  libavahi-dev                                                 REQUIRED        -               -               MISSING    'libavahi-dev needs to be installed'[0m
hp-check[121347]: info: :[31;01m error: libnetsnmp-devel libnetsnmp-devel - SNMP networking library development files REQUIRED        5.0.9           -               MISSING    'libnetsnmp-devel needs to be installed'[0m
hp-check[121347]: info: :[31;01m error: libcrypto     libcrypto - OpenSSL cryptographic library                    REQUIRED        -               3.4.1           MISSING    'libcrypto needs to be installed'[0m
hp-check[121347]: info: : python3X             Python 2.2 or greater - Python programming language          REQUIRED        2.2             3.11.11         OK         -
hp-check[121347]: info: :[31;01m error: python3-notify2 Python libnotify - Python bindings for the libnotify Desktop notifications OPTIONAL        -               -               MISSING    'python3-notify2 needs to be installed'[0m
hp-check[121347]: info: :[31;01m error: python3-pyqt4-dbus PyQt 4 DBus - DBus Support for PyQt4                         OPTIONAL        4.0             -               MISSING    'python3-pyqt4-dbus needs to be installed'[0m
hp-check[121347]: info: :[31;01m error: python3-pyqt4 PyQt 4- Qt interface for Python (for Qt version 4.x)         REQUIRED        4.0             -               MISSING    'python3-pyqt4 needs to be installed'[0m
hp-check[121347]: info: : python3-dbus         Python DBus - Python bindings for DBus                       REQUIRED        0.80.0          1.3.2           OK         -
hp-check[121347]: info: : python3-xml          Python XML libraries                                         REQUIRED        -               2.6.4           OK         -
hp-check[121347]: info: :[31;01m error: python3-devel Python devel - Python development files                      REQUIRED        2.2             3.11.11         MISSING    'python3-devel needs to be installed'[0m
hp-check[121347]: info: : python3-pil          PIL - Python Imaging Library (required for commandline scanning with hp-scan) OPTIONAL        -               11.1.0          OK         -
hp-check[121347]: info: : python3-reportlab    Reportlab - PDF library for Python                           OPTIONAL        2.0             4.3.1           OK         -
hp-check[121347]: info: :
hp-check[121347]: info: :--------------
hp-check[121347]: info: :| COMPILEDEP |
hp-check[121347]: info: :--------------
hp-check[121347]: info: :
hp-check[121347]: info: :[31;01m error: libtool       libtool - Library building support services                  REQUIRED        -               -               MISSING    'libtool needs to be installed'[0m
hp-check[121347]: info: : gcc                  gcc - GNU Project C and C++ Compiler                         REQUIRED        -               14.2.1          OK         -
hp-check[121347]: info: : make                 make - GNU make utility to maintain groups of programs       REQUIRED        3.0             4.4.1           OK         -
hp-check[121347]: info: :
hp-check[121347]: info: :---------------------
hp-check[121347]: info: :| Python Extentions |
hp-check[121347]: info: :---------------------
hp-check[121347]: info: :
hp-check[121347]: info: : cupsext              CUPS-Extension                                               REQUIRED        -               3.24.4          OK         -
hp-check[121347]: info: : hpmudext             IO-Extension                                                 REQUIRED        -               3.24.4          OK         -
hp-check[121347]: info: :
hp-check[121347]: info: :----------------------
hp-check[121347]: info: :| Scan Configuration |
hp-check[121347]: info: :----------------------
hp-check[121347]: info: :
hp-check[121347]: info: : hpaio                HPLIP-SANE-Backend                                           REQUIRED        -               3.24.4          OK         'hpaio found in /nix/store/mwznbb4n84izvkliaippz0w4h96zz5a5-hplip-3.24.4/etc/sane.d/dll.conf'
hp-check[121347]: info: : scanext              Scan-SANE-Extension                                          REQUIRED        -               3.24.4          OK         -
hp-check[121347]: info: :
hp-check[121347]: info: :------------------------------
hp-check[121347]: info: :| DISCOVERED SCANNER DEVICES |
hp-check[121347]: info: :------------------------------
hp-check[121347]: info: :
hp-check[121347]: info: :
hp-check[121347]: info: :--------------------------
hp-check[121347]: info: :| DISCOVERED USB DEVICES |
hp-check[121347]: info: :--------------------------
hp-check[121347]: info: :
hp-check[121347]: info: :No devices found.
hp-check[121347]: info: :
hp-check[121347]: info: :---------------------------------
hp-check[121347]: info: :| INSTALLED CUPS PRINTER QUEUES |
hp-check[121347]: info: :---------------------------------
hp-check[121347]: info: :
hp-check[121347]: info: :
hp-check[121347]: info: :[01mHP1020[0m
hp-check[121347]: info: :[01m------[0m
hp-check[121347]: info: :Type: Unknown
hp-check[121347]: info: :Device URI: smb://10.10.10.5/HP1020?protocol=SMB2
hp-check[121347]: info: :PPD: /etc/cups/ppd/HP1020.ppd
hp-check[121347]: info: :PPD Description: HP LaserJet 1020 Foomatic/foo2zjs-z1 (recommended)
hp-check[121347]: info: :Printer status: printer HP1020 is idle.  enabled since Sun 23 Mar 2025 04:13:11 PM -03	Filter failed
warning: Printer is not HPLIP installed. Printers must use the hp: or hpfax: CUPS backend for HP-Devices.
hp-check[121347]: info: :
hp-check[121347]: info: :
hp-check[121347]: info: :--------------
hp-check[121347]: info: :| PERMISSION |
hp-check[121347]: info: :--------------
hp-check[121347]: info: :
hp-check[121347]: info: :
hp-check[121347]: info: :-----------
hp-check[121347]: info: :| SUMMARY |
hp-check[121347]: info: :-----------
hp-check[121347]: info: :
hp-check[121347]: info: :[01mMissing Required Dependencies[0m
hp-check[121347]: info: :[01m-----------------------------[0m
hp-check[121347]: info: :None
hp-check[121347]: info: :
hp-check[121347]: info: :[01mMissing Optional Dependencies[0m
hp-check[121347]: info: :[01m-----------------------------[0m
hp-check[121347]: info: :None

hp-check[121347]: info: :
hp-check[121347]: info: :Total Errors: 21
hp-check[121347]: info: :Total Warnings: 1
hp-check[121347]: info: :
hp-check[121347]: info: :
hp-check[121347]: info: :Done.
